<?xml version="1.0" encoding="UTF-8"?>
<!-- Generated by org.testng.reporters.JUnitXMLReporter -->
<testsuite hostname="computer-PC" ignored="0" name="ExtentReports" tests="3" failures="1" timestamp="19 Oct 2017 09:23:07 GMT" time="1.019" errors="0">
  <testcase name="failTest" time="0.02" classname="extentReports.ExtentReportsClass">
    <failure type="java.lang.AssertionError" message="expected [true] but found [false]">
      <![CDATA[java.lang.AssertionError: expected [true] but found [false]
	at extentReports.ExtentReportsClass.failTest(ExtentReportsClass.java:54)
... Removed 29 stack frames]]>
    </failure>
  </testcase> <!-- failTest -->
  <testcase name="passTest" time="0.002" classname="extentReports.ExtentReportsClass"/>
  <testcase name="skipTest" time="0.01" classname="extentReports.ExtentReportsClass">
    <skipped/>
  </testcase> <!-- skipTest -->
</testsuite> <!-- ExtentReports -->
