<?xml version="1.0" encoding="UTF-8"?>
<!-- Generated by org.testng.reporters.JUnitXMLReporter -->
<testsuite hostname="bhavesh-hinu" ignored="6" name="ValidLogin" tests="4" failures="0" timestamp="23 Oct 2017 18:11:43 GMT" time="185.877" errors="0">
  <testcase name="verifyValidLogin" time="32.525" classname="com.foto.testcases.ValidLogin"/>
  <testcase name="verifyRegistration" time="27.767" classname="com.foto.testcases.VerifyRegistrationForm"/>
  <testcase name="Verify_Active_Link" time="101.161" classname="com.foto.testcases.Verify_All_Active_Links_Homepage"/>
  <testcase name="verify_help_page" time="24.424" classname="com.foto.testcases.VerifyHelpPage"/>
  <testcase name="@BeforeSuite startReport" time="0.0" classname="extentReports.ExtentReportUtility">
    <ignored/>
  </testcase> <!-- @BeforeSuite startReport -->
  <testcase name="@BeforeSuite startReport" time="0.0" classname="extentReports.ExtentReportUtility">
    <ignored/>
  </testcase> <!-- @BeforeSuite startReport -->
  <testcase name="@BeforeSuite startReport" time="0.0" classname="extentReports.ExtentReportUtility">
    <ignored/>
  </testcase> <!-- @BeforeSuite startReport -->
  <testcase name="@AfterSuite endReport" time="0.0" classname="extentReports.ExtentReportUtility">
    <ignored/>
  </testcase> <!-- @AfterSuite endReport -->
  <testcase name="@AfterSuite endReport" time="0.0" classname="extentReports.ExtentReportUtility">
    <ignored/>
  </testcase> <!-- @AfterSuite endReport -->
  <testcase name="@AfterSuite endReport" time="0.0" classname="extentReports.ExtentReportUtility">
    <ignored/>
  </testcase> <!-- @AfterSuite endReport -->
</testsuite> <!-- ValidLogin -->
